{"/home/ubuntu/wallaby-test-ts/src/lib.ts": {"path":"/home/ubuntu/wallaby-test-ts/src/lib.ts","statementMap":{"0":{"start":{"line":2,"column":4},"end":{"line":6,"column":null}},"1":{"start":{"line":3,"column":8},"end":{"line":3,"column":22}},"2":{"start":{"line":5,"column":8},"end":{"line":5,"column":21}},"3":{"start":{"line":1,"column":0},"end":{"line":1,"column":16}}},"fnMap":{"0":{"name":"isSingleDigitExcept5","decl":{"start":{"line":1,"column":16},"end":{"line":1,"column":36}},"loc":{"start":{"line":1,"column":46},"end":{"line":7,"column":1}}}},"branchMap":{"0":{"loc":{"start":{"line":2,"column":4},"end":{"line":6,"column":null}},"type":"if","locations":[{"start":{"line":2,"column":4},"end":{"line":6,"column":null}},{"start":{"line":4,"column":11},"end":{"line":6,"column":null}}]},"1":{"loc":{"start":{"line":2,"column":8},"end":{"line":2,"column":24}},"type":"binary-expr","locations":[{"start":{"line":2,"column":8},"end":{"line":2,"column":14}},{"start":{"line":2,"column":18},"end":{"line":2,"column":24}}]}},"s":{"0":4,"1":2,"2":2,"3":1},"f":{"0":4},"b":{"0":[2,2],"1":[4,3]}}
}
